2022/11/09 16:49:06 [notice] 1#1: using the "epoll" event method
2022/11/09 16:49:06 [notice] 1#1: nginx/1.23.2
2022/11/09 16:49:06 [notice] 1#1: built by gcc 10.2.1 20210110 (Debian 10.2.1-6) 
2022/11/09 16:49:06 [notice] 1#1: OS: Linux 5.10.104-linuxkit
2022/11/09 16:49:06 [notice] 1#1: getrlimit(RLIMIT_NOFILE): 1048576:1048576
2022/11/09 16:49:06 [notice] 1#1: start worker processes
2022/11/09 16:49:06 [notice] 1#1: start worker process 27
2022/11/09 16:49:06 [notice] 1#1: start worker process 28
2022/11/09 16:49:06 [notice] 1#1: start worker process 29
2022/11/09 16:49:06 [notice] 1#1: start worker process 30
2022/11/09 16:49:06 [notice] 1#1: start worker process 31
2022/11/09 16:49:06 [notice] 1#1: start worker process 32
2022/11/09 16:49:06 [notice] 1#1: start worker process 33
2022/11/09 16:49:06 [notice] 1#1: start worker process 34
2022/11/09 16:50:49 [notice] 1#1: signal 3 (SIGQUIT) received, shutting down
2022/11/09 16:50:49 [notice] 28#28: gracefully shutting down
2022/11/09 16:50:49 [notice] 29#29: gracefully shutting down
2022/11/09 16:50:49 [notice] 30#30: gracefully shutting down
2022/11/09 16:50:49 [notice] 30#30: exiting
2022/11/09 16:50:49 [notice] 31#31: gracefully shutting down
2022/11/09 16:50:49 [notice] 27#27: gracefully shutting down
2022/11/09 16:50:49 [notice] 27#27: exiting
2022/11/09 16:50:49 [notice] 33#33: gracefully shutting down
2022/11/09 16:50:49 [notice] 32#32: gracefully shutting down
2022/11/09 16:50:49 [notice] 32#32: exiting
2022/11/09 16:50:49 [notice] 34#34: gracefully shutting down
2022/11/09 16:50:49 [notice] 28#28: exiting
2022/11/09 16:50:49 [notice] 28#28: exit
2022/11/09 16:50:49 [notice] 29#29: exiting
2022/11/09 16:50:49 [notice] 30#30: exit
2022/11/09 16:50:49 [notice] 31#31: exiting
2022/11/09 16:50:49 [notice] 31#31: exit
2022/11/09 16:50:49 [notice] 27#27: exit
2022/11/09 16:50:49 [notice] 33#33: exiting
2022/11/09 16:50:49 [notice] 32#32: exit
2022/11/09 16:50:49 [notice] 34#34: exiting
2022/11/09 16:50:49 [notice] 34#34: exit
2022/11/09 16:50:49 [notice] 29#29: exit
2022/11/09 16:50:49 [notice] 33#33: exit
2022/11/09 16:50:49 [notice] 1#1: signal 17 (SIGCHLD) received from 28
2022/11/09 16:50:49 [notice] 1#1: worker process 28 exited with code 0
2022/11/09 16:50:49 [notice] 1#1: signal 29 (SIGIO) received
2022/11/09 16:50:49 [notice] 1#1: signal 17 (SIGCHLD) received from 30
2022/11/09 16:50:49 [notice] 1#1: worker process 30 exited with code 0
2022/11/09 16:50:49 [notice] 1#1: signal 29 (SIGIO) received
2022/11/09 16:50:49 [notice] 1#1: signal 17 (SIGCHLD) received from 31
2022/11/09 16:50:49 [notice] 1#1: worker process 31 exited with code 0
2022/11/09 16:50:49 [notice] 1#1: signal 29 (SIGIO) received
2022/11/09 16:50:49 [notice] 1#1: signal 17 (SIGCHLD) received from 27
2022/11/09 16:50:49 [notice] 1#1: worker process 27 exited with code 0
2022/11/09 16:50:49 [notice] 1#1: worker process 29 exited with code 0
2022/11/09 16:50:49 [notice] 1#1: worker process 34 exited with code 0
2022/11/09 16:50:49 [notice] 1#1: signal 29 (SIGIO) received
2022/11/09 16:50:49 [notice] 1#1: signal 17 (SIGCHLD) received from 34
2022/11/09 16:50:49 [notice] 1#1: signal 17 (SIGCHLD) received from 32
2022/11/09 16:50:49 [notice] 1#1: worker process 32 exited with code 0
2022/11/09 16:50:49 [notice] 1#1: worker process 33 exited with code 0
2022/11/09 16:50:49 [notice] 1#1: exit
2022/11/09 16:50:58 [notice] 1#1: using the "epoll" event method
2022/11/09 16:50:58 [notice] 1#1: nginx/1.23.2
2022/11/09 16:50:58 [notice] 1#1: built by gcc 10.2.1 20210110 (Debian 10.2.1-6) 
2022/11/09 16:50:58 [notice] 1#1: OS: Linux 5.10.104-linuxkit
2022/11/09 16:50:58 [notice] 1#1: getrlimit(RLIMIT_NOFILE): 1048576:1048576
2022/11/09 16:50:58 [notice] 1#1: start worker processes
2022/11/09 16:50:58 [notice] 1#1: start worker process 28
2022/11/09 16:50:58 [notice] 1#1: start worker process 29
2022/11/09 16:50:58 [notice] 1#1: start worker process 30
2022/11/09 16:50:58 [notice] 1#1: start worker process 31
2022/11/09 16:50:58 [notice] 1#1: start worker process 32
2022/11/09 16:50:58 [notice] 1#1: start worker process 33
2022/11/09 16:50:58 [notice] 1#1: start worker process 34
2022/11/09 16:50:58 [notice] 1#1: start worker process 35
2022/11/09 16:52:06 [notice] 1#1: signal 3 (SIGQUIT) received, shutting down
2022/11/09 16:52:06 [notice] 28#28: gracefully shutting down
2022/11/09 16:52:06 [notice] 29#29: gracefully shutting down
2022/11/09 16:52:06 [notice] 31#31: gracefully shutting down
2022/11/09 16:52:06 [notice] 34#34: gracefully shutting down
2022/11/09 16:52:06 [notice] 34#34: exiting
2022/11/09 16:52:06 [notice] 33#33: gracefully shutting down
2022/11/09 16:52:06 [notice] 32#32: gracefully shutting down
2022/11/09 16:52:06 [notice] 35#35: gracefully shutting down
2022/11/09 16:52:06 [notice] 35#35: exiting
2022/11/09 16:52:06 [notice] 30#30: gracefully shutting down
2022/11/09 16:52:06 [notice] 28#28: exiting
2022/11/09 16:52:06 [notice] 28#28: exit
2022/11/09 16:52:06 [notice] 29#29: exiting
2022/11/09 16:52:06 [notice] 29#29: exit
2022/11/09 16:52:06 [notice] 31#31: exiting
2022/11/09 16:52:06 [notice] 31#31: exit
2022/11/09 16:52:06 [notice] 34#34: exit
2022/11/09 16:52:06 [notice] 33#33: exiting
2022/11/09 16:52:06 [notice] 33#33: exit
2022/11/09 16:52:06 [notice] 32#32: exiting
2022/11/09 16:52:06 [notice] 32#32: exit
2022/11/09 16:52:06 [notice] 35#35: exit
2022/11/09 16:52:06 [notice] 30#30: exiting
2022/11/09 16:52:06 [notice] 30#30: exit
2022/11/09 16:52:06 [notice] 1#1: signal 17 (SIGCHLD) received from 28
2022/11/09 16:52:06 [notice] 1#1: worker process 28 exited with code 0
2022/11/09 16:52:06 [notice] 1#1: signal 29 (SIGIO) received
2022/11/09 16:52:06 [notice] 1#1: signal 17 (SIGCHLD) received from 29
2022/11/09 16:52:06 [notice] 1#1: worker process 29 exited with code 0
2022/11/09 16:52:06 [notice] 1#1: signal 29 (SIGIO) received
2022/11/09 16:52:06 [notice] 1#1: signal 17 (SIGCHLD) received from 31
2022/11/09 16:52:06 [notice] 1#1: worker process 31 exited with code 0
2022/11/09 16:52:06 [notice] 1#1: signal 29 (SIGIO) received
2022/11/09 16:52:06 [notice] 1#1: signal 17 (SIGCHLD) received from 33
2022/11/09 16:52:06 [notice] 1#1: worker process 32 exited with code 0
2022/11/09 16:52:06 [notice] 1#1: worker process 33 exited with code 0
2022/11/09 16:52:06 [notice] 1#1: signal 29 (SIGIO) received
2022/11/09 16:52:06 [notice] 1#1: signal 17 (SIGCHLD) received from 34
2022/11/09 16:52:06 [notice] 1#1: worker process 34 exited with code 0
2022/11/09 16:52:06 [notice] 1#1: worker process 35 exited with code 0
2022/11/09 16:52:06 [notice] 1#1: worker process 30 exited with code 0
2022/11/09 16:52:06 [notice] 1#1: exit
2022/11/09 16:52:16 [notice] 1#1: using the "epoll" event method
2022/11/09 16:52:16 [notice] 1#1: nginx/1.23.2
2022/11/09 16:52:16 [notice] 1#1: built by gcc 10.2.1 20210110 (Debian 10.2.1-6) 
2022/11/09 16:52:16 [notice] 1#1: OS: Linux 5.10.104-linuxkit
2022/11/09 16:52:16 [notice] 1#1: getrlimit(RLIMIT_NOFILE): 1048576:1048576
2022/11/09 16:52:16 [notice] 1#1: start worker processes
2022/11/09 16:52:16 [notice] 1#1: start worker process 27
2022/11/09 16:52:16 [notice] 1#1: start worker process 28
2022/11/09 16:52:16 [notice] 1#1: start worker process 29
2022/11/09 16:52:16 [notice] 1#1: start worker process 30
2022/11/09 16:52:16 [notice] 1#1: start worker process 31
2022/11/09 16:52:16 [notice] 1#1: start worker process 32
2022/11/09 16:52:16 [notice] 1#1: start worker process 33
2022/11/09 16:52:16 [notice] 1#1: start worker process 34
2022/11/09 16:53:44 [notice] 1#1: signal 3 (SIGQUIT) received, shutting down
2022/11/09 16:53:44 [notice] 29#29: gracefully shutting down
2022/11/09 16:53:44 [notice] 31#31: gracefully shutting down
2022/11/09 16:53:44 [notice] 30#30: gracefully shutting down
2022/11/09 16:53:44 [notice] 32#32: gracefully shutting down
2022/11/09 16:53:44 [notice] 33#33: gracefully shutting down
2022/11/09 16:53:44 [notice] 33#33: exiting
2022/11/09 16:53:44 [notice] 28#28: gracefully shutting down
2022/11/09 16:53:44 [notice] 28#28: exiting
2022/11/09 16:53:44 [notice] 34#34: gracefully shutting down
2022/11/09 16:53:44 [notice] 34#34: exiting
2022/11/09 16:53:44 [notice] 27#27: gracefully shutting down
2022/11/09 16:53:44 [notice] 31#31: exiting
2022/11/09 16:53:44 [notice] 32#32: exiting
2022/11/09 16:53:44 [notice] 33#33: exit
2022/11/09 16:53:44 [notice] 28#28: exit
2022/11/09 16:53:44 [notice] 34#34: exit
2022/11/09 16:53:44 [notice] 27#27: exiting
2022/11/09 16:53:44 [notice] 31#31: exit
2022/11/09 16:53:44 [notice] 32#32: exit
2022/11/09 16:53:44 [notice] 27#27: exit
2022/11/09 16:53:44 [notice] 1#1: signal 17 (SIGCHLD) received from 33
2022/11/09 16:53:44 [notice] 1#1: worker process 33 exited with code 0
2022/11/09 16:53:44 [notice] 1#1: signal 29 (SIGIO) received
2022/11/09 16:53:44 [notice] 1#1: signal 17 (SIGCHLD) received from 28
2022/11/09 16:53:44 [notice] 1#1: worker process 28 exited with code 0
2022/11/09 16:53:44 [notice] 1#1: worker process 31 exited with code 0
2022/11/09 16:53:44 [notice] 1#1: signal 29 (SIGIO) received
2022/11/09 16:53:44 [notice] 1#1: signal 17 (SIGCHLD) received from 31
2022/11/09 16:53:44 [notice] 1#1: signal 17 (SIGCHLD) received from 32
2022/11/09 16:53:44 [notice] 1#1: worker process 32 exited with code 0
2022/11/09 16:53:44 [notice] 1#1: signal 29 (SIGIO) received
2022/11/09 16:53:44 [notice] 1#1: signal 17 (SIGCHLD) received from 34
2022/11/09 16:53:44 [notice] 1#1: worker process 34 exited with code 0
2022/11/09 16:53:44 [notice] 1#1: signal 29 (SIGIO) received
2022/11/09 16:53:44 [notice] 1#1: signal 17 (SIGCHLD) received from 27
2022/11/09 16:53:44 [notice] 1#1: worker process 27 exited with code 0
2022/11/09 16:53:44 [notice] 1#1: signal 29 (SIGIO) received
2022/11/09 16:54:04 [notice] 1#1: using the "epoll" event method
2022/11/09 16:54:04 [notice] 1#1: nginx/1.23.2
2022/11/09 16:54:04 [notice] 1#1: built by gcc 10.2.1 20210110 (Debian 10.2.1-6) 
2022/11/09 16:54:04 [notice] 1#1: OS: Linux 5.10.104-linuxkit
2022/11/09 16:54:04 [notice] 1#1: getrlimit(RLIMIT_NOFILE): 1048576:1048576
2022/11/09 16:54:04 [notice] 1#1: start worker processes
2022/11/09 16:54:04 [notice] 1#1: start worker process 28
2022/11/09 16:54:04 [notice] 1#1: start worker process 29
2022/11/09 16:54:04 [notice] 1#1: start worker process 30
2022/11/09 16:54:04 [notice] 1#1: start worker process 31
2022/11/09 16:54:04 [notice] 1#1: start worker process 32
2022/11/09 16:54:04 [notice] 1#1: start worker process 33
2022/11/09 16:54:04 [notice] 1#1: start worker process 34
2022/11/09 16:54:04 [notice] 1#1: start worker process 35
2022/11/09 16:55:15 [error] 29#29: *3 directory index of "/var/www/html/" is forbidden, client: 172.30.0.1, server: localhost, request: "GET / HTTP/1.1", host: "localhost:8097"
2022/11/09 16:55:15 [crit] 29#29: *3 connect() to unix:/tmp/php-cgi.socket failed (2: No such file or directory) while connecting to upstream, client: 172.30.0.1, server: localhost, request: "GET /favicon.ico HTTP/1.1", upstream: "fastcgi://unix:/tmp/php-cgi.socket:", host: "localhost:8097", referrer: "http://localhost:8097/"
2022/11/09 16:55:15 [error] 29#29: *3 FastCGI sent in stderr: "Primary script unknown" while reading response header from upstream, client: 172.30.0.1, server: localhost, request: "GET /favicon.ico HTTP/1.1", upstream: "fastcgi://172.30.0.3:9000", host: "localhost:8097", referrer: "http://localhost:8097/"
2022/11/09 16:55:15 [error] 29#29: *3 FastCGI sent in stderr: "Primary script unknown" while reading response header from upstream, client: 172.30.0.1, server: localhost, request: "GET /favicon.ico HTTP/1.1", upstream: "fastcgi://172.30.0.3:9000", host: "localhost:8097", referrer: "http://localhost:8097/"
2022/11/09 16:55:24 [error] 29#29: *3 directory index of "/var/www/html/" is forbidden, client: 172.30.0.1, server: localhost, request: "GET / HTTP/1.1", host: "localhost:8097"
2022/11/09 16:56:01 [notice] 1#1: signal 3 (SIGQUIT) received, shutting down
2022/11/09 16:56:01 [notice] 29#29: gracefully shutting down
2022/11/09 16:56:01 [notice] 28#28: gracefully shutting down
2022/11/09 16:56:01 [notice] 35#35: gracefully shutting down
2022/11/09 16:56:01 [notice] 35#35: exiting
2022/11/09 16:56:01 [notice] 30#30: gracefully shutting down
2022/11/09 16:56:01 [notice] 31#31: gracefully shutting down
2022/11/09 16:56:01 [notice] 33#33: gracefully shutting down
2022/11/09 16:56:01 [notice] 32#32: gracefully shutting down
2022/11/09 16:56:01 [notice] 34#34: gracefully shutting down
2022/11/09 16:56:01 [notice] 29#29: exiting
2022/11/09 16:56:01 [notice] 28#28: exiting
2022/11/09 16:56:01 [notice] 35#35: exit
2022/11/09 16:56:01 [notice] 30#30: exiting
2022/11/09 16:56:01 [notice] 31#31: exiting
2022/11/09 16:56:01 [notice] 31#31: exit
2022/11/09 16:56:01 [notice] 33#33: exiting
2022/11/09 16:56:01 [notice] 33#33: exit
2022/11/09 16:56:01 [notice] 32#32: exiting
2022/11/09 16:56:01 [notice] 34#34: exiting
2022/11/09 16:56:01 [notice] 34#34: exit
2022/11/09 16:56:01 [notice] 29#29: exit
2022/11/09 16:56:01 [notice] 28#28: exit
2022/11/09 16:56:01 [notice] 30#30: exit
2022/11/09 16:56:01 [notice] 32#32: exit
2022/11/09 16:56:01 [notice] 1#1: signal 17 (SIGCHLD) received from 35
2022/11/09 16:56:01 [notice] 1#1: worker process 35 exited with code 0
2022/11/09 16:56:01 [notice] 1#1: signal 29 (SIGIO) received
2022/11/09 16:56:01 [notice] 1#1: signal 17 (SIGCHLD) received from 31
2022/11/09 16:56:01 [notice] 1#1: worker process 31 exited with code 0
2022/11/09 16:56:01 [notice] 1#1: worker process 33 exited with code 0
2022/11/09 16:56:01 [notice] 1#1: signal 29 (SIGIO) received
2022/11/09 16:56:01 [notice] 1#1: signal 17 (SIGCHLD) received from 29
2022/11/09 16:56:01 [notice] 1#1: worker process 29 exited with code 0
2022/11/09 16:56:01 [notice] 1#1: signal 29 (SIGIO) received
2022/11/09 16:56:01 [notice] 1#1: signal 17 (SIGCHLD) received from 28
2022/11/09 16:56:01 [notice] 1#1: worker process 28 exited with code 0
2022/11/09 16:56:01 [notice] 1#1: worker process 34 exited with code 0
2022/11/09 16:56:01 [notice] 1#1: worker process 30 exited with code 0
2022/11/09 16:56:02 [notice] 1#1: signal 29 (SIGIO) received
2022/11/09 16:56:02 [notice] 1#1: signal 17 (SIGCHLD) received from 34
2022/11/09 16:56:02 [notice] 1#1: worker process 32 exited with code 0
2022/11/09 16:56:02 [notice] 1#1: exit
2022/11/09 16:56:02 [notice] 1#1: using the "epoll" event method
2022/11/09 16:56:02 [notice] 1#1: nginx/1.23.2
2022/11/09 16:56:02 [notice] 1#1: built by gcc 10.2.1 20210110 (Debian 10.2.1-6) 
2022/11/09 16:56:02 [notice] 1#1: OS: Linux 5.10.104-linuxkit
2022/11/09 16:56:02 [notice] 1#1: getrlimit(RLIMIT_NOFILE): 1048576:1048576
2022/11/09 16:56:02 [notice] 1#1: start worker processes
2022/11/09 16:56:02 [notice] 1#1: start worker process 29
2022/11/09 16:56:02 [notice] 1#1: start worker process 30
2022/11/09 16:56:02 [notice] 1#1: start worker process 31
2022/11/09 16:56:02 [notice] 1#1: start worker process 32
2022/11/09 16:56:02 [notice] 1#1: start worker process 33
2022/11/09 16:56:02 [notice] 1#1: start worker process 34
2022/11/09 16:56:02 [notice] 1#1: start worker process 35
2022/11/09 16:56:02 [notice] 1#1: start worker process 36
2022/11/09 16:56:09 [error] 29#29: *1 directory index of "/var/www/html/" is forbidden, client: 172.30.0.1, server: localhost, request: "GET / HTTP/1.1", host: "localhost:8097"
2022/11/09 16:56:10 [error] 29#29: *1 directory index of "/var/www/html/" is forbidden, client: 172.30.0.1, server: localhost, request: "GET / HTTP/1.1", host: "localhost:8097"
2022/11/09 16:56:11 [error] 29#29: *1 directory index of "/var/www/html/" is forbidden, client: 172.30.0.1, server: localhost, request: "GET / HTTP/1.1", host: "localhost:8097"
2022/11/09 16:56:11 [error] 29#29: *1 directory index of "/var/www/html/" is forbidden, client: 172.30.0.1, server: localhost, request: "GET / HTTP/1.1", host: "localhost:8097"
2022/11/09 16:56:12 [error] 29#29: *1 directory index of "/var/www/html/" is forbidden, client: 172.30.0.1, server: localhost, request: "GET / HTTP/1.1", host: "localhost:8097"
2022/11/09 16:56:12 [error] 29#29: *1 directory index of "/var/www/html/" is forbidden, client: 172.30.0.1, server: localhost, request: "GET / HTTP/1.1", host: "localhost:8097"
2022/11/09 16:56:13 [error] 29#29: *1 directory index of "/var/www/html/" is forbidden, client: 172.30.0.1, server: localhost, request: "GET / HTTP/1.1", host: "localhost:8097"
2022/11/09 16:56:15 [error] 29#29: *1 directory index of "/var/www/html/" is forbidden, client: 172.30.0.1, server: localhost, request: "GET / HTTP/1.1", host: "localhost:8097"
2022/11/09 16:56:23 [notice] 1#1: signal 3 (SIGQUIT) received, shutting down
2022/11/09 16:56:23 [notice] 31#31: gracefully shutting down
2022/11/09 16:56:23 [notice] 31#31: exiting
2022/11/09 16:56:23 [notice] 33#33: gracefully shutting down
2022/11/09 16:56:23 [notice] 33#33: exiting
2022/11/09 16:56:23 [notice] 36#36: gracefully shutting down
2022/11/09 16:56:23 [notice] 29#29: gracefully shutting down
2022/11/09 16:56:23 [notice] 32#32: gracefully shutting down
2022/11/09 16:56:23 [notice] 30#30: gracefully shutting down
2022/11/09 16:56:23 [notice] 34#34: gracefully shutting down
2022/11/09 16:56:23 [notice] 35#35: gracefully shutting down
2022/11/09 16:56:23 [notice] 31#31: exit
2022/11/09 16:56:23 [notice] 33#33: exit
2022/11/09 16:56:23 [notice] 36#36: exiting
2022/11/09 16:56:23 [notice] 29#29: exiting
2022/11/09 16:56:23 [notice] 32#32: exiting
2022/11/09 16:56:23 [notice] 32#32: exit
2022/11/09 16:56:23 [notice] 30#30: exiting
2022/11/09 16:56:23 [notice] 30#30: exit
2022/11/09 16:56:23 [notice] 34#34: exiting
2022/11/09 16:56:23 [notice] 34#34: exit
2022/11/09 16:56:23 [notice] 35#35: exiting
2022/11/09 16:56:23 [notice] 36#36: exit
2022/11/09 16:56:23 [notice] 29#29: exit
2022/11/09 16:56:23 [notice] 1#1: signal 17 (SIGCHLD) received from 33
2022/11/09 16:56:23 [notice] 1#1: worker process 31 exited with code 0
2022/11/09 16:56:23 [notice] 35#35: exit
2022/11/09 16:56:23 [notice] 1#1: worker process 33 exited with code 0
2022/11/09 16:56:23 [notice] 1#1: signal 29 (SIGIO) received
2022/11/09 16:56:23 [notice] 1#1: signal 17 (SIGCHLD) received from 31
2022/11/09 16:56:23 [notice] 1#1: worker process 30 exited with code 0
2022/11/09 16:56:23 [notice] 1#1: worker process 32 exited with code 0
2022/11/09 16:56:23 [notice] 1#1: signal 29 (SIGIO) received
2022/11/09 16:56:23 [notice] 1#1: signal 17 (SIGCHLD) received from 30
2022/11/09 16:56:23 [notice] 1#1: signal 17 (SIGCHLD) received from 34
2022/11/09 16:56:23 [notice] 1#1: worker process 29 exited with code 0
2022/11/09 16:56:23 [notice] 1#1: worker process 34 exited with code 0
2022/11/09 16:56:23 [notice] 1#1: worker process 36 exited with code 0
2022/11/09 16:56:23 [notice] 1#1: signal 29 (SIGIO) received
2022/11/09 16:56:23 [notice] 1#1: signal 17 (SIGCHLD) received from 35
2022/11/09 16:56:23 [notice] 1#1: worker process 35 exited with code 0
2022/11/09 16:56:23 [notice] 1#1: exit
2022/11/09 16:56:33 [notice] 1#1: using the "epoll" event method
2022/11/09 16:56:33 [notice] 1#1: nginx/1.23.2
2022/11/09 16:56:33 [notice] 1#1: built by gcc 10.2.1 20210110 (Debian 10.2.1-6) 
2022/11/09 16:56:33 [notice] 1#1: OS: Linux 5.10.104-linuxkit
2022/11/09 16:56:33 [notice] 1#1: getrlimit(RLIMIT_NOFILE): 1048576:1048576
2022/11/09 16:56:33 [notice] 1#1: start worker processes
2022/11/09 16:56:33 [notice] 1#1: start worker process 28
2022/11/09 16:56:33 [notice] 1#1: start worker process 29
2022/11/09 16:56:33 [notice] 1#1: start worker process 30
2022/11/09 16:56:33 [notice] 1#1: start worker process 31
2022/11/09 16:56:33 [notice] 1#1: start worker process 32
2022/11/09 16:56:33 [notice] 1#1: start worker process 33
2022/11/09 16:56:33 [notice] 1#1: start worker process 34
2022/11/09 16:56:33 [notice] 1#1: start worker process 35
2022/11/09 16:56:38 [error] 28#28: *1 directory index of "/var/www/html/" is forbidden, client: 172.31.0.1, server: localhost, request: "GET / HTTP/1.1", host: "localhost:8097"
2022/11/09 16:56:42 [error] 28#28: *1 directory index of "/var/www/html/" is forbidden, client: 172.31.0.1, server: localhost, request: "GET / HTTP/1.1", host: "localhost:8097"
2022/11/09 16:56:52 [error] 28#28: *1 directory index of "/var/www/html/" is forbidden, client: 172.31.0.1, server: localhost, request: "GET / HTTP/1.1", host: "localhost:8097"
2022/11/09 16:56:52 [crit] 28#28: *1 connect() to unix:/tmp/php-cgi.socket failed (2: No such file or directory) while connecting to upstream, client: 172.31.0.1, server: localhost, request: "GET /favicon.ico HTTP/1.1", upstream: "fastcgi://unix:/tmp/php-cgi.socket:", host: "localhost:8097", referrer: "http://localhost:8097/"
2022/11/09 16:56:52 [error] 28#28: *1 FastCGI sent in stderr: "Primary script unknown" while reading response header from upstream, client: 172.31.0.1, server: localhost, request: "GET /favicon.ico HTTP/1.1", upstream: "fastcgi://172.31.0.3:9000", host: "localhost:8097", referrer: "http://localhost:8097/"
2022/11/09 16:56:52 [error] 28#28: *1 FastCGI sent in stderr: "Primary script unknown" while reading response header from upstream, client: 172.31.0.1, server: localhost, request: "GET /favicon.ico HTTP/1.1", upstream: "fastcgi://172.31.0.3:9000", host: "localhost:8097", referrer: "http://localhost:8097/"
2022/11/09 16:58:05 [crit] 29#29: *5 connect() to unix:/tmp/php-cgi.socket failed (2: No such file or directory) while connecting to upstream, client: 172.31.0.1, server: localhost, request: "GET / HTTP/1.1", upstream: "fastcgi://unix:/tmp/php-cgi.socket:", host: "localhost:8097"
2022/11/09 16:58:46 [crit] 30#30: *8 connect() to unix:/tmp/php-cgi.socket failed (2: No such file or directory) while connecting to upstream, client: 172.31.0.1, server: localhost, request: "GET / HTTP/1.1", upstream: "fastcgi://unix:/tmp/php-cgi.socket:", host: "localhost:8097"
2022/11/09 16:59:39 [notice] 1#1: signal 3 (SIGQUIT) received, shutting down
2022/11/09 16:59:39 [notice] 28#28: gracefully shutting down
2022/11/09 16:59:39 [notice] 32#32: gracefully shutting down
2022/11/09 16:59:39 [notice] 29#29: gracefully shutting down
2022/11/09 16:59:39 [notice] 34#34: gracefully shutting down
2022/11/09 16:59:39 [notice] 34#34: exiting
2022/11/09 16:59:39 [notice] 35#35: gracefully shutting down
2022/11/09 16:59:39 [notice] 33#33: gracefully shutting down
2022/11/09 16:59:39 [notice] 31#31: gracefully shutting down
2022/11/09 16:59:39 [notice] 30#30: gracefully shutting down
2022/11/09 16:59:39 [notice] 28#28: exiting
2022/11/09 16:59:39 [notice] 28#28: exit
2022/11/09 16:59:39 [notice] 32#32: exiting
2022/11/09 16:59:39 [notice] 29#29: exiting
2022/11/09 16:59:39 [notice] 29#29: exit
2022/11/09 16:59:39 [notice] 34#34: exit
2022/11/09 16:59:39 [notice] 35#35: exiting
2022/11/09 16:59:39 [notice] 35#35: exit
2022/11/09 16:59:39 [notice] 33#33: exiting
2022/11/09 16:59:39 [notice] 31#31: exiting
2022/11/09 16:59:39 [notice] 31#31: exit
2022/11/09 16:59:39 [notice] 30#30: exiting
2022/11/09 16:59:39 [notice] 32#32: exit
2022/11/09 16:59:39 [notice] 33#33: exit
2022/11/09 16:59:39 [notice] 30#30: exit
2022/11/09 16:59:39 [notice] 1#1: signal 17 (SIGCHLD) received from 28
2022/11/09 16:59:39 [notice] 1#1: worker process 28 exited with code 0
2022/11/09 16:59:39 [notice] 1#1: worker process 29 exited with code 0
2022/11/09 16:59:39 [notice] 1#1: worker process 34 exited with code 0
2022/11/09 16:59:39 [notice] 1#1: signal 29 (SIGIO) received
2022/11/09 16:59:39 [notice] 1#1: signal 17 (SIGCHLD) received from 34
2022/11/09 16:59:39 [notice] 1#1: signal 17 (SIGCHLD) received from 35
2022/11/09 16:59:39 [notice] 1#1: worker process 35 exited with code 0
2022/11/09 16:59:39 [notice] 1#1: signal 29 (SIGIO) received
2022/11/09 16:59:39 [notice] 1#1: signal 17 (SIGCHLD) received from 30
2022/11/09 16:59:39 [notice] 1#1: worker process 30 exited with code 0
2022/11/09 16:59:39 [notice] 1#1: worker process 31 exited with code 0
2022/11/09 16:59:39 [notice] 1#1: worker process 32 exited with code 0
2022/11/09 16:59:39 [notice] 1#1: worker process 33 exited with code 0
2022/11/09 16:59:39 [notice] 1#1: signal 17 (SIGCHLD) received from 33
2022/11/09 16:59:39 [notice] 1#1: exit
2022/11/09 16:59:48 [notice] 1#1: using the "epoll" event method
2022/11/09 16:59:48 [notice] 1#1: nginx/1.23.2
2022/11/09 16:59:48 [notice] 1#1: built by gcc 10.2.1 20210110 (Debian 10.2.1-6) 
2022/11/09 16:59:48 [notice] 1#1: OS: Linux 5.10.104-linuxkit
2022/11/09 16:59:48 [notice] 1#1: getrlimit(RLIMIT_NOFILE): 1048576:1048576
2022/11/09 16:59:48 [notice] 1#1: start worker processes
2022/11/09 16:59:48 [notice] 1#1: start worker process 28
2022/11/09 16:59:48 [notice] 1#1: start worker process 29
2022/11/09 16:59:48 [notice] 1#1: start worker process 30
2022/11/09 16:59:48 [notice] 1#1: start worker process 31
2022/11/09 16:59:48 [notice] 1#1: start worker process 32
2022/11/09 16:59:48 [notice] 1#1: start worker process 33
2022/11/09 16:59:48 [notice] 1#1: start worker process 34
2022/11/09 16:59:48 [notice] 1#1: start worker process 35
2022/11/09 16:59:55 [crit] 28#28: *1 connect() to unix:/tmp/php-cgi.socket failed (2: No such file or directory) while connecting to upstream, client: 192.168.0.1, server: localhost, request: "GET / HTTP/1.1", upstream: "fastcgi://unix:/tmp/php-cgi.socket:", host: "localhost"
2022/11/09 17:00:53 [crit] 32#32: *10 connect() to unix:/tmp/php-cgi.socket failed (2: No such file or directory) while connecting to upstream, client: 192.168.0.1, server: localhost, request: "GET / HTTP/1.1", upstream: "fastcgi://unix:/tmp/php-cgi.socket:", host: "localhost"
2022/11/09 17:01:31 [notice] 1#1: signal 3 (SIGQUIT) received, shutting down
2022/11/09 17:01:31 [notice] 28#28: gracefully shutting down
2022/11/09 17:01:31 [notice] 29#29: gracefully shutting down
2022/11/09 17:01:31 [notice] 35#35: gracefully shutting down
2022/11/09 17:01:31 [notice] 31#31: gracefully shutting down
2022/11/09 17:01:31 [notice] 33#33: gracefully shutting down
2022/11/09 17:01:31 [notice] 32#32: gracefully shutting down
2022/11/09 17:01:31 [notice] 30#30: gracefully shutting down
2022/11/09 17:01:31 [notice] 30#30: exiting
2022/11/09 17:01:31 [notice] 34#34: gracefully shutting down
2022/11/09 17:01:31 [notice] 34#34: exiting
2022/11/09 17:01:31 [notice] 28#28: exiting
2022/11/09 17:01:31 [notice] 29#29: exiting
2022/11/09 17:01:31 [notice] 35#35: exiting
2022/11/09 17:01:31 [notice] 35#35: exit
2022/11/09 17:01:31 [notice] 31#31: exiting
2022/11/09 17:01:31 [notice] 31#31: exit
2022/11/09 17:01:31 [notice] 33#33: exiting
2022/11/09 17:01:31 [notice] 32#32: exiting
2022/11/09 17:01:31 [notice] 30#30: exit
2022/11/09 17:01:31 [notice] 34#34: exit
2022/11/09 17:01:31 [notice] 28#28: exit
2022/11/09 17:01:31 [notice] 29#29: exit
2022/11/09 17:01:31 [notice] 33#33: exit
2022/11/09 17:01:31 [notice] 32#32: exit
2022/11/09 17:01:32 [notice] 1#1: signal 17 (SIGCHLD) received from 31
2022/11/09 17:01:32 [notice] 1#1: worker process 31 exited with code 0
2022/11/09 17:01:32 [notice] 1#1: signal 29 (SIGIO) received
2022/11/09 17:01:32 [notice] 1#1: signal 17 (SIGCHLD) received from 34
2022/11/09 17:01:32 [notice] 1#1: worker process 34 exited with code 0
2022/11/09 17:01:32 [notice] 1#1: signal 29 (SIGIO) received
2022/11/09 17:01:32 [notice] 1#1: signal 17 (SIGCHLD) received from 33
2022/11/09 17:01:32 [notice] 1#1: worker process 33 exited with code 0
2022/11/09 17:01:32 [notice] 1#1: worker process 35 exited with code 0
2022/11/09 17:01:32 [notice] 1#1: signal 29 (SIGIO) received
2022/11/09 17:01:32 [notice] 1#1: signal 17 (SIGCHLD) received from 35
2022/11/09 17:01:32 [notice] 1#1: signal 17 (SIGCHLD) received from 30
2022/11/09 17:01:32 [notice] 1#1: worker process 30 exited with code 0
2022/11/09 17:01:32 [notice] 1#1: worker process 28 exited with code 0
2022/11/09 17:01:32 [notice] 1#1: worker process 29 exited with code 0
2022/11/09 17:01:32 [notice] 1#1: worker process 32 exited with code 0
2022/11/09 17:01:32 [notice] 1#1: exit
2022/11/09 17:01:42 [notice] 1#1: using the "epoll" event method
2022/11/09 17:01:42 [notice] 1#1: nginx/1.23.2
2022/11/09 17:01:42 [notice] 1#1: built by gcc 10.2.1 20210110 (Debian 10.2.1-6) 
2022/11/09 17:01:42 [notice] 1#1: OS: Linux 5.10.104-linuxkit
2022/11/09 17:01:42 [notice] 1#1: getrlimit(RLIMIT_NOFILE): 1048576:1048576
2022/11/09 17:01:42 [notice] 1#1: start worker processes
2022/11/09 17:01:42 [notice] 1#1: start worker process 28
2022/11/09 17:01:42 [notice] 1#1: start worker process 29
2022/11/09 17:01:42 [notice] 1#1: start worker process 30
2022/11/09 17:01:42 [notice] 1#1: start worker process 31
2022/11/09 17:01:42 [notice] 1#1: start worker process 32
2022/11/09 17:01:42 [notice] 1#1: start worker process 33
2022/11/09 17:01:42 [notice] 1#1: start worker process 34
2022/11/09 17:01:42 [notice] 1#1: start worker process 35
2022/11/09 17:01:49 [crit] 28#28: *1 connect() to unix:/tmp/php-cgi.socket failed (2: No such file or directory) while connecting to upstream, client: 192.168.16.1, server: localhost, request: "GET /donate/ HTTP/1.1", upstream: "fastcgi://unix:/tmp/php-cgi.socket:", host: "localhost", referrer: "http://localhost/about/"
2022/11/09 17:27:20 [notice] 1#1: signal 3 (SIGQUIT) received, shutting down
2022/11/09 17:27:20 [notice] 28#28: gracefully shutting down
2022/11/09 17:27:20 [notice] 30#30: gracefully shutting down
2022/11/09 17:27:20 [notice] 30#30: exiting
2022/11/09 17:27:20 [notice] 29#29: gracefully shutting down
2022/11/09 17:27:20 [notice] 28#28: exiting
2022/11/09 17:27:20 [notice] 33#33: gracefully shutting down
2022/11/09 17:27:20 [notice] 32#32: gracefully shutting down
2022/11/09 17:27:20 [notice] 33#33: exiting
2022/11/09 17:27:20 [notice] 31#31: gracefully shutting down
2022/11/09 17:27:20 [notice] 34#34: gracefully shutting down
2022/11/09 17:27:20 [notice] 35#35: gracefully shutting down
2022/11/09 17:27:20 [notice] 30#30: exit
2022/11/09 17:27:20 [notice] 35#35: exiting
2022/11/09 17:27:20 [notice] 29#29: exiting
2022/11/09 17:27:20 [notice] 29#29: exit
2022/11/09 17:27:20 [notice] 28#28: exit
2022/11/09 17:27:20 [notice] 32#32: exiting
2022/11/09 17:27:20 [notice] 33#33: exit
2022/11/09 17:27:20 [notice] 31#31: exiting
2022/11/09 17:27:20 [notice] 34#34: exiting
2022/11/09 17:27:20 [notice] 34#34: exit
2022/11/09 17:27:20 [notice] 35#35: exit
2022/11/09 17:27:20 [notice] 32#32: exit
2022/11/09 17:27:20 [notice] 31#31: exit
2022/11/09 17:27:20 [notice] 1#1: signal 17 (SIGCHLD) received from 29
2022/11/09 17:27:20 [notice] 1#1: worker process 29 exited with code 0
2022/11/09 17:27:20 [notice] 1#1: signal 29 (SIGIO) received
2022/11/09 17:27:20 [notice] 1#1: signal 17 (SIGCHLD) received from 28
2022/11/09 17:27:20 [notice] 1#1: worker process 28 exited with code 0
2022/11/09 17:27:20 [notice] 1#1: worker process 33 exited with code 0
2022/11/09 17:27:20 [notice] 1#1: signal 29 (SIGIO) received
2022/11/09 17:27:20 [notice] 1#1: signal 17 (SIGCHLD) received from 33
2022/11/09 17:27:20 [notice] 1#1: worker process 34 exited with code 0
2022/11/09 17:27:20 [notice] 1#1: signal 29 (SIGIO) received
2022/11/09 17:27:20 [notice] 1#1: signal 17 (SIGCHLD) received from 34
2022/11/09 17:27:20 [notice] 1#1: worker process 30 exited with code 0
2022/11/09 17:27:20 [notice] 1#1: worker process 31 exited with code 0
2022/11/09 17:27:20 [notice] 1#1: worker process 32 exited with code 0
2022/11/09 17:27:20 [notice] 1#1: worker process 35 exited with code 0
2022/11/09 17:27:20 [notice] 1#1: exit
2022/11/09 17:27:29 [notice] 1#1: using the "epoll" event method
2022/11/09 17:27:29 [notice] 1#1: nginx/1.23.2
2022/11/09 17:27:29 [notice] 1#1: built by gcc 10.2.1 20210110 (Debian 10.2.1-6) 
2022/11/09 17:27:29 [notice] 1#1: OS: Linux 5.10.104-linuxkit
2022/11/09 17:27:29 [notice] 1#1: getrlimit(RLIMIT_NOFILE): 1048576:1048576
2022/11/09 17:27:29 [notice] 1#1: start worker processes
2022/11/09 17:27:29 [notice] 1#1: start worker process 28
2022/11/09 17:27:29 [notice] 1#1: start worker process 29
2022/11/09 17:27:29 [notice] 1#1: start worker process 30
2022/11/09 17:27:29 [notice] 1#1: start worker process 31
2022/11/09 17:27:29 [notice] 1#1: start worker process 32
2022/11/09 17:27:29 [notice] 1#1: start worker process 33
2022/11/09 17:27:29 [notice] 1#1: start worker process 34
2022/11/09 17:27:29 [notice] 1#1: start worker process 35
2022/11/09 17:27:38 [crit] 28#28: *1 connect() to unix:/tmp/php-cgi.socket failed (2: No such file or directory) while connecting to upstream, client: 192.168.32.1, server: localhost, request: "GET /donate/ HTTP/1.1", upstream: "fastcgi://unix:/tmp/php-cgi.socket:", host: "localhost", referrer: "http://localhost/about/"
2022/11/09 17:29:33 [crit] 32#32: *12 connect() to unix:/tmp/php-cgi.socket failed (2: No such file or directory) while connecting to upstream, client: 192.168.32.1, server: localhost, request: "POST /wp-admin/install.php?step=1 HTTP/1.1", upstream: "fastcgi://unix:/tmp/php-cgi.socket:", host: "localhost", referrer: "http://localhost/wp-admin/install.php"
2022/11/09 17:31:16 [crit] 28#28: *20 connect() to unix:/tmp/php-cgi.socket failed (2: No such file or directory) while connecting to upstream, client: 192.168.32.1, server: localhost, request: "POST /wp-login.php HTTP/1.1", upstream: "fastcgi://unix:/tmp/php-cgi.socket:", host: "localhost", referrer: "http://localhost/wp-login.php"
2022/11/09 17:31:30 [crit] 28#28: *28 connect() to unix:/tmp/php-cgi.socket failed (2: No such file or directory) while connecting to upstream, client: 192.168.32.1, server: localhost, request: "GET /wp-admin/admin-ajax.php?action=wp-compression-test&test=1&_ajax_nonce=638ee6bc08&1668015090198 HTTP/1.1", upstream: "fastcgi://unix:/tmp/php-cgi.socket:", host: "localhost", referrer: "http://localhost/wp-admin/edit.php?post_type=page"
2022/11/09 17:31:30 [crit] 30#30: *31 connect() to unix:/tmp/php-cgi.socket failed (2: No such file or directory) while connecting to upstream, client: 192.168.32.1, server: localhost, request: "POST /wp-admin/admin-ajax.php HTTP/1.1", upstream: "fastcgi://unix:/tmp/php-cgi.socket:", host: "localhost", referrer: "http://localhost/wp-admin/edit.php?post_type=page"
2022/11/09 17:31:41 [crit] 30#30: *32 connect() to unix:/tmp/php-cgi.socket failed (2: No such file or directory) while connecting to upstream, client: 192.168.32.1, server: localhost, request: "GET /wp-admin/load-scripts.php?c=1&load%5Bchunk_0%5D=hoverIntent,regenerator-runtime,wp-polyfill,wp-hooks&ver=5.9.3 HTTP/1.1", upstream: "fastcgi://unix:/tmp/php-cgi.socket:", host: "localhost", referrer: "http://localhost/wp-admin/index.php"
2022/11/09 17:34:41 [crit] 28#28: *61 connect() to unix:/tmp/php-cgi.socket failed (2: No such file or directory) while connecting to upstream, client: 192.168.32.1, server: localhost, request: "POST /wp-admin/admin-ajax.php HTTP/1.1", upstream: "fastcgi://unix:/tmp/php-cgi.socket:", host: "localhost", referrer: "http://localhost/wp-admin/index.php"
2022/11/09 17:40:41 [crit] 28#28: *68 connect() to unix:/tmp/php-cgi.socket failed (2: No such file or directory) while connecting to upstream, client: 192.168.32.1, server: localhost, request: "POST /wp-admin/admin-ajax.php HTTP/1.1", upstream: "fastcgi://unix:/tmp/php-cgi.socket:", host: "localhost", referrer: "http://localhost/wp-admin/index.php"
2022/11/09 21:09:39 [crit] 28#28: *74 connect() to unix:/tmp/php-cgi.socket failed (2: No such file or directory) while connecting to upstream, client: 192.168.32.1, server: localhost, request: "POST /wp-admin/admin-ajax.php HTTP/1.1", upstream: "fastcgi://unix:/tmp/php-cgi.socket:", host: "localhost", referrer: "http://localhost/wp-admin/index.php"
2022/11/09 21:17:03 [notice] 1#1: signal 3 (SIGQUIT) received, shutting down
2022/11/09 21:17:03 [notice] 28#28: gracefully shutting down
2022/11/09 21:17:03 [notice] 30#30: gracefully shutting down
2022/11/09 21:17:03 [notice] 33#33: gracefully shutting down
2022/11/09 21:17:03 [notice] 30#30: exiting
2022/11/09 21:17:03 [notice] 35#35: gracefully shutting down
2022/11/09 21:17:03 [notice] 31#31: gracefully shutting down
2022/11/09 21:17:03 [notice] 29#29: gracefully shutting down
2022/11/09 21:17:03 [notice] 34#34: gracefully shutting down
2022/11/09 21:17:03 [notice] 32#32: gracefully shutting down
2022/11/09 21:17:03 [notice] 34#34: exiting
2022/11/09 21:17:03 [notice] 28#28: exiting
2022/11/09 21:17:03 [notice] 33#33: exiting
2022/11/09 21:17:03 [notice] 29#29: exiting
2022/11/09 21:17:03 [notice] 30#30: exit
2022/11/09 21:17:03 [notice] 35#35: exiting
2022/11/09 21:17:03 [notice] 35#35: exit
2022/11/09 21:17:03 [notice] 34#34: exit
2022/11/09 21:17:03 [notice] 28#28: exit
2022/11/09 21:17:03 [notice] 33#33: exit
2022/11/09 21:17:03 [notice] 29#29: exit
2022/11/09 21:17:03 [notice] 31#31: exiting
2022/11/09 21:17:03 [notice] 32#32: exiting
2022/11/09 21:17:03 [notice] 31#31: exit
2022/11/09 21:17:03 [notice] 32#32: exit
2022/11/09 21:17:03 [notice] 1#1: signal 17 (SIGCHLD) received from 34
2022/11/09 21:17:03 [notice] 1#1: worker process 34 exited with code 0
2022/11/09 21:17:03 [notice] 1#1: signal 29 (SIGIO) received
2022/11/09 21:17:03 [notice] 1#1: signal 17 (SIGCHLD) received from 29
2022/11/09 21:17:03 [notice] 1#1: worker process 29 exited with code 0
2022/11/09 21:17:03 [notice] 1#1: worker process 30 exited with code 0
2022/11/09 21:17:03 [notice] 1#1: worker process 35 exited with code 0
2022/11/09 21:17:03 [notice] 1#1: signal 17 (SIGCHLD) received from 35
2022/11/09 21:17:03 [notice] 1#1: worker process 31 exited with code 0
2022/11/09 21:17:03 [notice] 1#1: worker process 33 exited with code 0
2022/11/09 21:17:03 [notice] 1#1: worker process 28 exited with code 0
2022/11/09 21:17:03 [notice] 1#1: worker process 32 exited with code 0
2022/11/09 21:17:03 [notice] 1#1: signal 17 (SIGCHLD) received from 31
2022/11/09 21:17:03 [notice] 1#1: exit
2022/11/09 21:30:01 [notice] 1#1: using the "epoll" event method
2022/11/09 21:30:01 [notice] 1#1: nginx/1.23.2
2022/11/09 21:30:01 [notice] 1#1: built by gcc 10.2.1 20210110 (Debian 10.2.1-6) 
2022/11/09 21:30:01 [notice] 1#1: OS: Linux 5.10.104-linuxkit
2022/11/09 21:30:01 [notice] 1#1: getrlimit(RLIMIT_NOFILE): 1048576:1048576
2022/11/09 21:30:01 [notice] 1#1: start worker processes
2022/11/09 21:30:01 [notice] 1#1: start worker process 28
2022/11/09 21:30:01 [notice] 1#1: start worker process 29
2022/11/09 21:30:01 [notice] 1#1: start worker process 30
2022/11/09 21:30:01 [notice] 1#1: start worker process 31
2022/11/09 21:30:01 [notice] 1#1: start worker process 32
2022/11/09 21:30:01 [notice] 1#1: start worker process 33
2022/11/09 21:30:01 [notice] 1#1: start worker process 34
2022/11/09 21:30:01 [notice] 1#1: start worker process 35
2022/11/09 21:30:25 [notice] 1#1: signal 3 (SIGQUIT) received, shutting down
2022/11/09 21:30:25 [notice] 28#28: gracefully shutting down
2022/11/09 21:30:25 [notice] 35#35: gracefully shutting down
2022/11/09 21:30:25 [notice] 35#35: exiting
2022/11/09 21:30:25 [notice] 30#30: gracefully shutting down
2022/11/09 21:30:25 [notice] 30#30: exiting
2022/11/09 21:30:25 [notice] 34#34: gracefully shutting down
2022/11/09 21:30:25 [notice] 34#34: exiting
2022/11/09 21:30:25 [notice] 33#33: gracefully shutting down
2022/11/09 21:30:25 [notice] 31#31: gracefully shutting down
2022/11/09 21:30:25 [notice] 31#31: exiting
2022/11/09 21:30:25 [notice] 29#29: gracefully shutting down
2022/11/09 21:30:25 [notice] 29#29: exiting
2022/11/09 21:30:25 [notice] 32#32: gracefully shutting down
2022/11/09 21:30:25 [notice] 28#28: exiting
2022/11/09 21:30:25 [notice] 28#28: exit
2022/11/09 21:30:25 [notice] 35#35: exit
2022/11/09 21:30:25 [notice] 30#30: exit
2022/11/09 21:30:25 [notice] 34#34: exit
2022/11/09 21:30:25 [notice] 33#33: exiting
2022/11/09 21:30:25 [notice] 33#33: exit
2022/11/09 21:30:25 [notice] 31#31: exit
2022/11/09 21:30:25 [notice] 29#29: exit
2022/11/09 21:30:25 [notice] 32#32: exiting
2022/11/09 21:30:25 [notice] 32#32: exit
2022/11/09 21:30:25 [notice] 1#1: signal 17 (SIGCHLD) received from 28
2022/11/09 21:30:25 [notice] 1#1: worker process 28 exited with code 0
2022/11/09 21:30:25 [notice] 1#1: signal 29 (SIGIO) received
2022/11/09 21:30:25 [notice] 1#1: signal 17 (SIGCHLD) received from 34
2022/11/09 21:30:25 [notice] 1#1: worker process 30 exited with code 0
2022/11/09 21:30:25 [notice] 1#1: worker process 34 exited with code 0
2022/11/09 21:30:25 [notice] 1#1: signal 29 (SIGIO) received
2022/11/09 21:30:25 [notice] 1#1: signal 17 (SIGCHLD) received from 35
2022/11/09 21:30:25 [notice] 1#1: worker process 29 exited with code 0
2022/11/09 21:30:25 [notice] 1#1: worker process 32 exited with code 0
2022/11/09 21:30:25 [notice] 1#1: worker process 35 exited with code 0
2022/11/09 21:30:25 [notice] 1#1: signal 29 (SIGIO) received
2022/11/09 21:30:25 [notice] 1#1: signal 17 (SIGCHLD) received from 32
2022/11/09 21:30:25 [notice] 1#1: worker process 31 exited with code 0
2022/11/09 21:30:25 [notice] 1#1: worker process 33 exited with code 0
2022/11/09 21:30:25 [notice] 1#1: exit
2022/11/09 21:50:09 [notice] 1#1: using the "epoll" event method
2022/11/09 21:50:09 [notice] 1#1: nginx/1.23.2
2022/11/09 21:50:09 [notice] 1#1: built by gcc 10.2.1 20210110 (Debian 10.2.1-6) 
2022/11/09 21:50:09 [notice] 1#1: OS: Linux 5.10.104-linuxkit
2022/11/09 21:50:09 [notice] 1#1: getrlimit(RLIMIT_NOFILE): 1048576:1048576
2022/11/09 21:50:09 [notice] 1#1: start worker processes
2022/11/09 21:50:09 [notice] 1#1: start worker process 28
2022/11/09 21:50:09 [notice] 1#1: start worker process 29
2022/11/09 21:50:09 [notice] 1#1: start worker process 30
2022/11/09 21:50:09 [notice] 1#1: start worker process 31
2022/11/09 21:50:09 [notice] 1#1: start worker process 32
2022/11/09 21:50:09 [notice] 1#1: start worker process 33
2022/11/09 21:50:09 [notice] 1#1: start worker process 34
2022/11/09 21:50:09 [notice] 1#1: start worker process 35
2022/11/09 21:52:46 [notice] 1#1: signal 3 (SIGQUIT) received, shutting down
2022/11/09 21:52:46 [notice] 30#30: gracefully shutting down
2022/11/09 21:52:46 [notice] 29#29: gracefully shutting down
2022/11/09 21:52:46 [notice] 33#33: gracefully shutting down
2022/11/09 21:52:46 [notice] 33#33: exiting
2022/11/09 21:52:46 [notice] 34#34: gracefully shutting down
2022/11/09 21:52:46 [notice] 34#34: exiting
2022/11/09 21:52:46 [notice] 32#32: gracefully shutting down
2022/11/09 21:52:46 [notice] 35#35: gracefully shutting down
2022/11/09 21:52:46 [notice] 31#31: gracefully shutting down
2022/11/09 21:52:46 [notice] 31#31: exiting
2022/11/09 21:52:46 [notice] 28#28: gracefully shutting down
2022/11/09 21:52:46 [notice] 30#30: exiting
2022/11/09 21:52:46 [notice] 30#30: exit
2022/11/09 21:52:46 [notice] 29#29: exiting
2022/11/09 21:52:46 [notice] 29#29: exit
2022/11/09 21:52:46 [notice] 33#33: exit
2022/11/09 21:52:46 [notice] 34#34: exit
2022/11/09 21:52:46 [notice] 32#32: exiting
2022/11/09 21:52:46 [notice] 35#35: exiting
2022/11/09 21:52:46 [notice] 35#35: exit
2022/11/09 21:52:46 [notice] 31#31: exit
2022/11/09 21:52:46 [notice] 28#28: exiting
2022/11/09 21:52:46 [notice] 32#32: exit
2022/11/09 21:52:46 [notice] 1#1: signal 17 (SIGCHLD) received from 30
2022/11/09 21:52:46 [notice] 1#1: worker process 30 exited with code 0
2022/11/09 21:52:46 [notice] 28#28: exit
2022/11/09 21:52:46 [notice] 1#1: signal 29 (SIGIO) received
2022/11/09 21:52:46 [notice] 1#1: signal 17 (SIGCHLD) received from 29
2022/11/09 21:52:46 [notice] 1#1: worker process 29 exited with code 0
2022/11/09 21:52:46 [notice] 1#1: signal 29 (SIGIO) received
2022/11/09 21:52:46 [notice] 1#1: signal 17 (SIGCHLD) received from 33
2022/11/09 21:52:46 [notice] 1#1: worker process 33 exited with code 0
2022/11/09 21:52:46 [notice] 1#1: worker process 34 exited with code 0
2022/11/09 21:52:46 [notice] 1#1: signal 29 (SIGIO) received
2022/11/09 21:52:46 [notice] 1#1: signal 17 (SIGCHLD) received from 31
2022/11/09 21:52:46 [notice] 1#1: worker process 31 exited with code 0
2022/11/09 21:52:46 [notice] 1#1: worker process 32 exited with code 0
2022/11/09 21:52:46 [notice] 1#1: worker process 35 exited with code 0
2022/11/09 21:52:46 [notice] 1#1: signal 29 (SIGIO) received
2022/11/09 21:52:46 [notice] 1#1: signal 17 (SIGCHLD) received from 28
2022/11/09 21:52:46 [notice] 1#1: worker process 28 exited with code 0
2022/11/09 21:52:46 [notice] 1#1: exit
2022/11/09 21:54:47 [notice] 1#1: using the "epoll" event method
2022/11/09 21:54:47 [notice] 1#1: nginx/1.23.2
2022/11/09 21:54:47 [notice] 1#1: built by gcc 10.2.1 20210110 (Debian 10.2.1-6) 
2022/11/09 21:54:47 [notice] 1#1: OS: Linux 5.10.104-linuxkit
2022/11/09 21:54:47 [notice] 1#1: getrlimit(RLIMIT_NOFILE): 1048576:1048576
2022/11/09 21:54:47 [notice] 1#1: start worker processes
2022/11/09 21:54:47 [notice] 1#1: start worker process 28
2022/11/09 21:54:47 [notice] 1#1: start worker process 29
2022/11/09 21:54:47 [notice] 1#1: start worker process 30
2022/11/09 21:54:47 [notice] 1#1: start worker process 31
2022/11/09 21:54:47 [notice] 1#1: start worker process 32
2022/11/09 21:54:47 [notice] 1#1: start worker process 33
2022/11/09 21:54:47 [notice] 1#1: start worker process 34
2022/11/09 21:54:47 [notice] 1#1: start worker process 35
2022/11/09 21:57:02 [notice] 1#1: signal 3 (SIGQUIT) received, shutting down
2022/11/09 21:57:02 [notice] 33#33: gracefully shutting down
2022/11/09 21:57:02 [notice] 33#33: exiting
2022/11/09 21:57:02 [notice] 30#30: gracefully shutting down
2022/11/09 21:57:02 [notice] 30#30: exiting
2022/11/09 21:57:02 [notice] 32#32: gracefully shutting down
2022/11/09 21:57:02 [notice] 29#29: gracefully shutting down
2022/11/09 21:57:02 [notice] 28#28: gracefully shutting down
2022/11/09 21:57:02 [notice] 31#31: gracefully shutting down
2022/11/09 21:57:02 [notice] 34#34: gracefully shutting down
2022/11/09 21:57:02 [notice] 35#35: gracefully shutting down
2022/11/09 21:57:02 [notice] 33#33: exit
2022/11/09 21:57:02 [notice] 30#30: exit
2022/11/09 21:57:02 [notice] 32#32: exiting
2022/11/09 21:57:02 [notice] 32#32: exit
2022/11/09 21:57:02 [notice] 29#29: exiting
2022/11/09 21:57:02 [notice] 28#28: exiting
2022/11/09 21:57:02 [notice] 31#31: exiting
2022/11/09 21:57:02 [notice] 34#34: exiting
2022/11/09 21:57:02 [notice] 34#34: exit
2022/11/09 21:57:02 [notice] 35#35: exiting
2022/11/09 21:57:02 [notice] 29#29: exit
2022/11/09 21:57:02 [notice] 28#28: exit
2022/11/09 21:57:02 [notice] 31#31: exit
2022/11/09 21:57:02 [notice] 35#35: exit
2022/11/09 21:57:02 [notice] 1#1: signal 17 (SIGCHLD) received from 30
2022/11/09 21:57:02 [notice] 1#1: worker process 30 exited with code 0
2022/11/09 21:57:02 [notice] 1#1: worker process 33 exited with code 0
2022/11/09 21:57:02 [notice] 1#1: signal 29 (SIGIO) received
2022/11/09 21:57:02 [notice] 1#1: signal 17 (SIGCHLD) received from 33
2022/11/09 21:57:02 [notice] 1#1: worker process 32 exited with code 0
2022/11/09 21:57:02 [notice] 1#1: signal 29 (SIGIO) received
2022/11/09 21:57:02 [notice] 1#1: signal 17 (SIGCHLD) received from 32
2022/11/09 21:57:02 [notice] 1#1: signal 17 (SIGCHLD) received from 29
2022/11/09 21:57:02 [notice] 1#1: worker process 29 exited with code 0
2022/11/09 21:57:02 [notice] 1#1: worker process 34 exited with code 0
2022/11/09 21:57:02 [notice] 1#1: signal 29 (SIGIO) received
2022/11/09 21:57:02 [notice] 1#1: signal 17 (SIGCHLD) received from 34
2022/11/09 21:57:02 [notice] 1#1: worker process 31 exited with code 0
2022/11/09 21:57:02 [notice] 1#1: worker process 35 exited with code 0
2022/11/09 21:57:02 [notice] 1#1: signal 29 (SIGIO) received
2022/11/09 21:57:02 [notice] 1#1: signal 17 (SIGCHLD) received from 35
2022/11/09 21:57:02 [notice] 1#1: worker process 28 exited with code 0
2022/11/09 21:57:02 [notice] 1#1: exit
2022/11/09 21:57:50 [notice] 1#1: using the "epoll" event method
2022/11/09 21:57:50 [notice] 1#1: nginx/1.23.2
2022/11/09 21:57:50 [notice] 1#1: built by gcc 10.2.1 20210110 (Debian 10.2.1-6) 
2022/11/09 21:57:50 [notice] 1#1: OS: Linux 5.10.104-linuxkit
2022/11/09 21:57:50 [notice] 1#1: getrlimit(RLIMIT_NOFILE): 1048576:1048576
2022/11/09 21:57:50 [notice] 1#1: start worker processes
2022/11/09 21:57:50 [notice] 1#1: start worker process 28
2022/11/09 21:57:50 [notice] 1#1: start worker process 29
2022/11/09 21:57:50 [notice] 1#1: start worker process 30
2022/11/09 21:57:50 [notice] 1#1: start worker process 31
2022/11/09 21:57:50 [notice] 1#1: start worker process 32
2022/11/09 21:57:50 [notice] 1#1: start worker process 33
2022/11/09 21:57:50 [notice] 1#1: start worker process 34
2022/11/09 21:57:50 [notice] 1#1: start worker process 35
2022/11/09 22:35:06 [notice] 1#1: signal 3 (SIGQUIT) received, shutting down
2022/11/09 22:35:06 [notice] 28#28: gracefully shutting down
2022/11/09 22:35:06 [notice] 29#29: gracefully shutting down
2022/11/09 22:35:06 [notice] 31#31: gracefully shutting down
2022/11/09 22:35:06 [notice] 32#32: gracefully shutting down
2022/11/09 22:35:06 [notice] 28#28: exiting
2022/11/09 22:35:06 [notice] 30#30: gracefully shutting down
2022/11/09 22:35:06 [notice] 33#33: gracefully shutting down
2022/11/09 22:35:06 [notice] 32#32: exiting
2022/11/09 22:35:06 [notice] 34#34: gracefully shutting down
2022/11/09 22:35:06 [notice] 35#35: gracefully shutting down
2022/11/09 22:35:06 [notice] 29#29: exiting
2022/11/09 22:35:06 [notice] 29#29: exit
2022/11/09 22:35:06 [notice] 31#31: exiting
2022/11/09 22:35:06 [notice] 28#28: exit
2022/11/09 22:35:06 [notice] 32#32: exit
2022/11/09 22:35:06 [notice] 30#30: exiting
2022/11/09 22:35:06 [notice] 34#34: exiting
2022/11/09 22:35:06 [notice] 34#34: exit
2022/11/09 22:35:06 [notice] 33#33: exiting
2022/11/09 22:35:06 [notice] 33#33: exit
2022/11/09 22:35:06 [notice] 31#31: exit
2022/11/09 22:35:06 [notice] 35#35: exiting
2022/11/09 22:35:06 [notice] 30#30: exit
2022/11/09 22:35:06 [notice] 35#35: exit
2022/11/09 22:35:06 [notice] 1#1: signal 17 (SIGCHLD) received from 34
2022/11/09 22:35:06 [notice] 1#1: worker process 34 exited with code 0
2022/11/09 22:35:06 [notice] 1#1: worker process 29 exited with code 0
2022/11/09 22:35:06 [notice] 1#1: worker process 31 exited with code 0
2022/11/09 22:35:06 [notice] 1#1: worker process 32 exited with code 0
2022/11/09 22:35:06 [notice] 1#1: signal 29 (SIGIO) received
2022/11/09 22:35:06 [notice] 1#1: signal 17 (SIGCHLD) received from 31
2022/11/09 22:35:06 [notice] 1#1: worker process 28 exited with code 0
2022/11/09 22:35:06 [notice] 1#1: worker process 30 exited with code 0
2022/11/09 22:35:06 [notice] 1#1: worker process 33 exited with code 0
2022/11/09 22:35:06 [notice] 1#1: signal 29 (SIGIO) received
2022/11/09 22:35:06 [notice] 1#1: signal 17 (SIGCHLD) received from 30
2022/11/09 22:35:06 [notice] 1#1: signal 17 (SIGCHLD) received from 35
2022/11/09 22:35:06 [notice] 1#1: worker process 35 exited with code 0
2022/11/09 22:35:06 [notice] 1#1: exit
2022/11/09 22:44:30 [notice] 1#1: using the "epoll" event method
2022/11/09 22:44:30 [notice] 1#1: nginx/1.23.2
2022/11/09 22:44:30 [notice] 1#1: built by gcc 10.2.1 20210110 (Debian 10.2.1-6) 
2022/11/09 22:44:30 [notice] 1#1: OS: Linux 5.15.49-linuxkit
2022/11/09 22:44:30 [notice] 1#1: getrlimit(RLIMIT_NOFILE): 1048576:1048576
2022/11/09 22:44:30 [notice] 1#1: start worker processes
2022/11/09 22:44:30 [notice] 1#1: start worker process 28
2022/11/09 22:44:30 [notice] 1#1: start worker process 29
2022/11/09 22:44:30 [notice] 1#1: start worker process 30
2022/11/09 22:44:30 [notice] 1#1: start worker process 31
2022/11/09 22:44:30 [notice] 1#1: start worker process 32
2022/11/09 22:44:30 [notice] 1#1: start worker process 33
2022/11/09 22:44:30 [notice] 1#1: start worker process 34
2022/11/09 22:44:30 [notice] 1#1: start worker process 35
2022/11/10 16:45:18 [notice] 1#1: signal 3 (SIGQUIT) received, shutting down
2022/11/10 16:45:18 [notice] 29#29: gracefully shutting down
2022/11/10 16:45:18 [notice] 28#28: gracefully shutting down
2022/11/10 16:45:18 [notice] 28#28: exiting
2022/11/10 16:45:18 [notice] 35#35: gracefully shutting down
2022/11/10 16:45:18 [notice] 33#33: gracefully shutting down
2022/11/10 16:45:18 [notice] 30#30: gracefully shutting down
2022/11/10 16:45:18 [notice] 32#32: gracefully shutting down
2022/11/10 16:45:18 [notice] 32#32: exiting
2022/11/10 16:45:18 [notice] 31#31: gracefully shutting down
2022/11/10 16:45:18 [notice] 34#34: gracefully shutting down
2022/11/10 16:45:18 [notice] 29#29: exiting
2022/11/10 16:45:18 [notice] 29#29: exit
2022/11/10 16:45:18 [notice] 28#28: exit
2022/11/10 16:45:18 [notice] 35#35: exiting
2022/11/10 16:45:18 [notice] 35#35: exit
2022/11/10 16:45:18 [notice] 33#33: exiting
2022/11/10 16:45:18 [notice] 30#30: exiting
2022/11/10 16:45:18 [notice] 32#32: exit
2022/11/10 16:45:18 [notice] 31#31: exiting
2022/11/10 16:45:18 [notice] 34#34: exiting
2022/11/10 16:45:18 [notice] 33#33: exit
2022/11/10 16:45:18 [notice] 1#1: signal 17 (SIGCHLD) received from 28
2022/11/10 16:45:18 [notice] 30#30: exit
2022/11/10 16:45:18 [notice] 31#31: exit
2022/11/10 16:45:18 [notice] 34#34: exit
2022/11/10 16:45:18 [notice] 1#1: worker process 28 exited with code 0
2022/11/10 16:45:18 [notice] 1#1: worker process 29 exited with code 0
2022/11/10 16:45:18 [notice] 1#1: worker process 32 exited with code 0
2022/11/10 16:45:18 [notice] 1#1: worker process 33 exited with code 0
2022/11/10 16:45:18 [notice] 1#1: worker process 35 exited with code 0
2022/11/10 16:45:19 [notice] 1#1: signal 29 (SIGIO) received
2022/11/10 16:45:19 [notice] 1#1: signal 17 (SIGCHLD) received from 35
2022/11/10 16:45:19 [notice] 1#1: worker process 30 exited with code 0
2022/11/10 16:45:19 [notice] 1#1: worker process 31 exited with code 0
2022/11/10 16:45:19 [notice] 1#1: signal 29 (SIGIO) received
2022/11/10 16:45:19 [notice] 1#1: signal 17 (SIGCHLD) received from 31
2022/11/10 16:45:19 [notice] 1#1: signal 17 (SIGCHLD) received from 34
2022/11/10 16:45:19 [notice] 1#1: worker process 34 exited with code 0
2022/11/10 16:45:19 [notice] 1#1: exit
2022/11/10 16:45:30 [notice] 1#1: using the "epoll" event method
2022/11/10 16:45:30 [notice] 1#1: nginx/1.23.2
2022/11/10 16:45:30 [notice] 1#1: built by gcc 10.2.1 20210110 (Debian 10.2.1-6) 
2022/11/10 16:45:30 [notice] 1#1: OS: Linux 5.15.49-linuxkit
2022/11/10 16:45:30 [notice] 1#1: getrlimit(RLIMIT_NOFILE): 1048576:1048576
2022/11/10 16:45:30 [notice] 1#1: start worker processes
2022/11/10 16:45:30 [notice] 1#1: start worker process 28
2022/11/10 16:45:30 [notice] 1#1: start worker process 29
2022/11/10 16:45:30 [notice] 1#1: start worker process 30
2022/11/10 16:45:30 [notice] 1#1: start worker process 31
2022/11/10 16:45:30 [notice] 1#1: start worker process 32
2022/11/10 16:45:30 [notice] 1#1: start worker process 33
2022/11/10 16:45:30 [notice] 1#1: start worker process 34
2022/11/10 16:45:30 [notice] 1#1: start worker process 35
2022/11/10 16:48:20 [notice] 1#1: signal 3 (SIGQUIT) received, shutting down
2022/11/10 16:48:20 [notice] 33#33: gracefully shutting down
2022/11/10 16:48:20 [notice] 28#28: gracefully shutting down
2022/11/10 16:48:20 [notice] 31#31: gracefully shutting down
2022/11/10 16:48:20 [notice] 31#31: exiting
2022/11/10 16:48:20 [notice] 30#30: gracefully shutting down
2022/11/10 16:48:20 [notice] 30#30: exiting
2022/11/10 16:48:20 [notice] 34#34: gracefully shutting down
2022/11/10 16:48:20 [notice] 34#34: exiting
2022/11/10 16:48:20 [notice] 29#29: gracefully shutting down
2022/11/10 16:48:20 [notice] 35#35: gracefully shutting down
2022/11/10 16:48:20 [notice] 35#35: exiting
2022/11/10 16:48:20 [notice] 32#32: gracefully shutting down
2022/11/10 16:48:20 [notice] 33#33: exiting
2022/11/10 16:48:20 [notice] 28#28: exiting
2022/11/10 16:48:20 [notice] 28#28: exit
2022/11/10 16:48:20 [notice] 31#31: exit
2022/11/10 16:48:20 [notice] 30#30: exit
2022/11/10 16:48:20 [notice] 34#34: exit
2022/11/10 16:48:20 [notice] 29#29: exiting
2022/11/10 16:48:20 [notice] 35#35: exit
2022/11/10 16:48:20 [notice] 32#32: exiting
2022/11/10 16:48:20 [notice] 33#33: exit
2022/11/10 16:48:20 [notice] 29#29: exit
2022/11/10 16:48:20 [notice] 32#32: exit
2022/11/10 16:48:21 [notice] 1#1: signal 17 (SIGCHLD) received from 28
2022/11/10 16:48:21 [notice] 1#1: worker process 28 exited with code 0
2022/11/10 16:48:21 [notice] 1#1: signal 29 (SIGIO) received
2022/11/10 16:48:21 [notice] 1#1: signal 17 (SIGCHLD) received from 34
2022/11/10 16:48:21 [notice] 1#1: worker process 30 exited with code 0
2022/11/10 16:48:21 [notice] 1#1: worker process 31 exited with code 0
2022/11/10 16:48:21 [notice] 1#1: worker process 34 exited with code 0
2022/11/10 16:48:21 [notice] 1#1: signal 29 (SIGIO) received
2022/11/10 16:48:21 [notice] 1#1: signal 17 (SIGCHLD) received from 31
2022/11/10 16:48:21 [notice] 1#1: worker process 33 exited with code 0
2022/11/10 16:48:21 [notice] 1#1: worker process 29 exited with code 0
2022/11/10 16:48:21 [notice] 1#1: worker process 32 exited with code 0
2022/11/10 16:48:21 [notice] 1#1: worker process 35 exited with code 0
2022/11/10 16:48:21 [notice] 1#1: exit
2022/11/10 16:48:33 [notice] 1#1: using the "epoll" event method
2022/11/10 16:48:33 [notice] 1#1: nginx/1.23.2
2022/11/10 16:48:33 [notice] 1#1: built by gcc 10.2.1 20210110 (Debian 10.2.1-6) 
2022/11/10 16:48:33 [notice] 1#1: OS: Linux 5.15.49-linuxkit
2022/11/10 16:48:33 [notice] 1#1: getrlimit(RLIMIT_NOFILE): 1048576:1048576
2022/11/10 16:48:33 [notice] 1#1: start worker processes
2022/11/10 16:48:33 [notice] 1#1: start worker process 28
2022/11/10 16:48:33 [notice] 1#1: start worker process 29
2022/11/10 16:48:33 [notice] 1#1: start worker process 30
2022/11/10 16:48:33 [notice] 1#1: start worker process 31
2022/11/10 16:48:33 [notice] 1#1: start worker process 32
2022/11/10 16:48:33 [notice] 1#1: start worker process 33
2022/11/10 16:48:33 [notice] 1#1: start worker process 34
2022/11/10 16:48:33 [notice] 1#1: start worker process 35
